收到的数据是：<xml><ToUserName><![CDATA[gh_02d706507a43]]></ToUserName>
<FromUserName><![CDATA[oZdZj0mZxErooxrIkUpiDSwAB52Q]]></FromUserName>
<CreateTime>1543249785</CreateTime>
<MsgType><![CDATA[text]]></MsgType>
<Content><![CDATA[你猜]]></Content>
<MsgId>6628207356613217905</MsgId>
</xml>
收到的数据是：<xml><ToUserName><![CDATA[gh_02d706507a43]]></ToUserName>
<FromUserName><![CDATA[oZdZj0mZxErooxrIkUpiDSwAB52Q]]></FromUserName>
<CreateTime>1543249830</CreateTime>
<MsgType><![CDATA[text]]></MsgType>
<Content><![CDATA[继续擦]]></Content>
<MsgId>6628207549886746227</MsgId>
</xml>
收到的数据是：<xml><ToUserName><![CDATA[gh_02d706507a43]]></ToUserName>
<FromUserName><![CDATA[oZdZj0mZxErooxrIkUpiDSwAB52Q]]></FromUserName>
<CreateTime>1543249874</CreateTime>
<MsgType><![CDATA[event]]></MsgType>
<Event><![CDATA[VIEW]]></Event>
<EventKey><![CDATA[https://open.weixin.qq.com/connect/oauth2/authorize?appid=wxa507747c7a15f546&redirect_uri=http%3a%2f%2fxiaoyuanfeixia.com%2fphp_unit_privite%2flib%2fpoolIndex.php&response_type=code&scope=snsapi_base&state=1#wechat_redirect]]></EventKey>
<MenuId>479196700</MenuId>
</xml>
收到的数据是：<xml><ToUserName><![CDATA[gh_02d706507a43]]></ToUserName>
<FromUserName><![CDATA[oZdZj0mZxErooxrIkUpiDSwAB52Q]]></FromUserName>
<CreateTime>1543251617</CreateTime>
<MsgType><![CDATA[text]]></MsgType>
<Content><![CDATA[撒]]></Content>
<MsgId>6628215224993304181</MsgId>
</xml>
收到的数据是：<xml><ToUserName><![CDATA[gh_02d706507a43]]></ToUserName>
<FromUserName><![CDATA[oZdZj0mZxErooxrIkUpiDSwAB52Q]]></FromUserName>
<CreateTime>1543252631</CreateTime>
<MsgType><![CDATA[event]]></MsgType>
<Event><![CDATA[unsubscribe]]></Event>
<EventKey><![CDATA[]]></EventKey>
</xml>
收到的数据是：<xml><ToUserName><![CDATA[gh_02d706507a43]]></ToUserName>
<FromUserName><![CDATA[oZdZj0mZxErooxrIkUpiDSwAB52Q]]></FromUserName>
<CreateTime>1543252640</CreateTime>
<MsgType><![CDATA[event]]></MsgType>
<Event><![CDATA[subscribe]]></Event>
<EventKey><![CDATA[]]></EventKey>
</xml>
收到的数据是：<xml><ToUserName><![CDATA[gh_02d706507a43]]></ToUserName>
<FromUserName><![CDATA[oZdZj0mZxErooxrIkUpiDSwAB52Q]]></FromUserName>
<CreateTime>1543252645</CreateTime>
<MsgType><![CDATA[event]]></MsgType>
<Event><![CDATA[VIEW]]></Event>
<EventKey><![CDATA[https://open.weixin.qq.com/connect/oauth2/authorize?appid=wxa507747c7a15f546&redirect_uri=http%3a%2f%2fxiaoyuanfeixia.com%2fprivite%2flib%2fpoolIndex.php&response_type=code&scope=snsapi_base&state=1#wechat_redirect]]></EventKey>
<MenuId>479197090</MenuId>
</xml>
收到的数据是：<xml><ToUserName><![CDATA[gh_02d706507a43]]></ToUserName>
<FromUserName><![CDATA[oZdZj0mZxErooxrIkUpiDSwAB52Q]]></FromUserName>
<CreateTime>1543252693</CreateTime>
<MsgType><![CDATA[event]]></MsgType>
<Event><![CDATA[VIEW]]></Event>
<EventKey><![CDATA[https://open.weixin.qq.com/connect/oauth2/authorize?appid=wxa507747c7a15f546&redirect_uri=http%3a%2f%2fxiaoyuanfeixia.com%2fprivite%2flib%2fpoolIndex.php&response_type=code&scope=snsapi_base&state=1#wechat_redirect]]></EventKey>
<MenuId>479197090</MenuId>
</xml>
收到的数据是：<xml><ToUserName><![CDATA[gh_02d706507a43]]></ToUserName>
<FromUserName><![CDATA[oZdZj0mZxErooxrIkUpiDSwAB52Q]]></FromUserName>
<CreateTime>1543252772</CreateTime>
<MsgType><![CDATA[event]]></MsgType>
<Event><![CDATA[VIEW]]></Event>
<EventKey><![CDATA[https://open.weixin.qq.com/connect/oauth2/authorize?appid=wxa507747c7a15f546&redirect_uri=http%3a%2f%2fflyingman.sc2yun.com%2fphp_unit_privite%2flib%2fautho%2fallInfo.php&response_type=code&scope=snsapi_userinfo&state=1#wechat_redirect]]></EventKey>
<MenuId>479197090</MenuId>
</xml>
收到的数据是：<xml><ToUserName><![CDATA[gh_02d706507a43]]></ToUserName>
<FromUserName><![CDATA[oZdZj0mZxErooxrIkUpiDSwAB52Q]]></FromUserName>
<CreateTime>1543252985</CreateTime>
<MsgType><![CDATA[event]]></MsgType>
<Event><![CDATA[VIEW]]></Event>
<EventKey><![CDATA[https://open.weixin.qq.com/connect/oauth2/authorize?appid=wxa507747c7a15f546&redirect_uri=http%3a%2f%2fxiaoyuanfeixia.com%2fprivite%2flib%2fpoolIndex.php&response_type=code&scope=snsapi_base&state=1#wechat_redirect]]></EventKey>
<MenuId>479197090</MenuId>
</xml>
收到的数据是：<xml><ToUserName><![CDATA[gh_02d706507a43]]></ToUserName>
<FromUserName><![CDATA[oZdZj0mZxErooxrIkUpiDSwAB52Q]]></FromUserName>
<CreateTime>1543253220</CreateTime>
<MsgType><![CDATA[event]]></MsgType>
<Event><![CDATA[VIEW]]></Event>
<EventKey><![CDATA[https://open.weixin.qq.com/connect/oauth2/authorize?appid=wxa507747c7a15f546&redirect_uri=http%3a%2f%2fxiaoyuanfeixia.com%2fprivite%2flib%2fpoolIndex.php&response_type=code&scope=snsapi_base&state=1#wechat_redirect]]></EventKey>
<MenuId>479197090</MenuId>
</xml>
收到的数据是：<xml><ToUserName><![CDATA[gh_02d706507a43]]></ToUserName>
<FromUserName><![CDATA[oZdZj0mZxErooxrIkUpiDSwAB52Q]]></FromUserName>
<CreateTime>1543253331</CreateTime>
<MsgType><![CDATA[event]]></MsgType>
<Event><![CDATA[VIEW]]></Event>
<EventKey><![CDATA[https://open.weixin.qq.com/connect/oauth2/authorize?appid=wxa507747c7a15f546&redirect_uri=http%3a%2f%2fxiaoyuanfeixia.com%2fprivite%2flib%2fpoolIndex.php&response_type=code&scope=snsapi_base&state=1#wechat_redirect]]></EventKey>
<MenuId>479197090</MenuId>
</xml>
收到的数据是：<xml><ToUserName><![CDATA[gh_02d706507a43]]></ToUserName>
<FromUserName><![CDATA[oZdZj0mZxErooxrIkUpiDSwAB52Q]]></FromUserName>
<CreateTime>1543253483</CreateTime>
<MsgType><![CDATA[event]]></MsgType>
<Event><![CDATA[VIEW]]></Event>
<EventKey><![CDATA[https://open.weixin.qq.com/connect/oauth2/authorize?appid=wxa507747c7a15f546&redirect_uri=http%3a%2f%2fxiaoyuanfeixia.com%2fprivite%2flib%2fpoolIndex.php&response_type=code&scope=snsapi_base&state=1#wechat_redirect]]></EventKey>
<MenuId>479197090</MenuId>
</xml>
收到的数据是：<xml><ToUserName><![CDATA[gh_02d706507a43]]></ToUserName>
<FromUserName><![CDATA[oZdZj0mZxErooxrIkUpiDSwAB52Q]]></FromUserName>
<CreateTime>1543253711</CreateTime>
<MsgType><![CDATA[event]]></MsgType>
<Event><![CDATA[VIEW]]></Event>
<EventKey><![CDATA[https://open.weixin.qq.com/connect/oauth2/authorize?appid=wxa507747c7a15f546&redirect_uri=http%3a%2f%2fxiaoyuanfeixia.com%2fprivite%2flib%2fpoolIndex.php&response_type=code&scope=snsapi_base&state=1#wechat_redirect]]></EventKey>
<MenuId>479197090</MenuId>
</xml>
收到的数据是：<xml><ToUserName><![CDATA[gh_02d706507a43]]></ToUserName>
<FromUserName><![CDATA[oZdZj0mZxErooxrIkUpiDSwAB52Q]]></FromUserName>
<CreateTime>1543253774</CreateTime>
<MsgType><![CDATA[event]]></MsgType>
<Event><![CDATA[VIEW]]></Event>
<EventKey><![CDATA[https://open.weixin.qq.com/connect/oauth2/authorize?appid=wxa507747c7a15f546&redirect_uri=http%3a%2f%2fxiaoyuanfeixia.com%2fprivite%2flib%2fpoolIndex.php&response_type=code&scope=snsapi_base&state=1#wechat_redirect]]></EventKey>
<MenuId>479197090</MenuId>
</xml>
收到的数据是：<xml><ToUserName><![CDATA[gh_02d706507a43]]></ToUserName>
<FromUserName><![CDATA[oZdZj0mZxErooxrIkUpiDSwAB52Q]]></FromUserName>
<CreateTime>1543253800</CreateTime>
<MsgType><![CDATA[event]]></MsgType>
<Event><![CDATA[VIEW]]></Event>
<EventKey><![CDATA[https://open.weixin.qq.com/connect/oauth2/authorize?appid=wxa507747c7a15f546&redirect_uri=http%3a%2f%2fxiaoyuanfeixia.com%2fprivite%2flib%2fpoolIndex.php&response_type=code&scope=snsapi_base&state=1#wechat_redirect]]></EventKey>
<MenuId>479197090</MenuId>
</xml>
收到的数据是：<xml><ToUserName><![CDATA[gh_02d706507a43]]></ToUserName>
<FromUserName><![CDATA[oZdZj0mZxErooxrIkUpiDSwAB52Q]]></FromUserName>
<CreateTime>1543254148</CreateTime>
<MsgType><![CDATA[event]]></MsgType>
<Event><![CDATA[VIEW]]></Event>
<EventKey><![CDATA[https://open.weixin.qq.com/connect/oauth2/authorize?appid=wxa507747c7a15f546&redirect_uri=https%3a%2f%2fflyingman.sc2yun.com%2fphp_unit_privite%2flib%2fgetUserInfo.php&response_type=code&scope=snsapi_base&state=1#wechat_redirect]]></EventKey>
<MenuId>479197090</MenuId>
</xml>
收到的数据是：<xml><ToUserName><![CDATA[gh_02d706507a43]]></ToUserName>
<FromUserName><![CDATA[oZdZj0mZxErooxrIkUpiDSwAB52Q]]></FromUserName>
<CreateTime>1543254152</CreateTime>
<MsgType><![CDATA[event]]></MsgType>
<Event><![CDATA[VIEW]]></Event>
<EventKey><![CDATA[https://open.weixin.qq.com/connect/oauth2/authorize?appid=wxa507747c7a15f546&redirect_uri=http%3a%2f%2fflyingman.sc2yun.com%2fphp_unit_privite%2flib%2fautho%2fallInfo.php&response_type=code&scope=snsapi_userinfo&state=1#wechat_redirect]]></EventKey>
<MenuId>479197090</MenuId>
</xml>
收到的数据是：<xml><ToUserName><![CDATA[gh_02d706507a43]]></ToUserName>
<FromUserName><![CDATA[oZdZj0mZxErooxrIkUpiDSwAB52Q]]></FromUserName>
<CreateTime>1543254157</CreateTime>
<MsgType><![CDATA[event]]></MsgType>
<Event><![CDATA[VIEW]]></Event>
<EventKey><![CDATA[https://blog.csdn.net/Xiao_peng117]]></EventKey>
<MenuId>479197090</MenuId>
</xml>
收到的数据是：<xml><ToUserName><![CDATA[gh_02d706507a43]]></ToUserName>
<FromUserName><![CDATA[oZdZj0mZxErooxrIkUpiDSwAB52Q]]></FromUserName>
<CreateTime>1543255232</CreateTime>
<MsgType><![CDATA[event]]></MsgType>
<Event><![CDATA[VIEW]]></Event>
<EventKey><![CDATA[https://open.weixin.qq.com/connect/oauth2/authorize?appid=wxa507747c7a15f546&redirect_uri=http%3a%2f%2fxiaoyuanfeixia.com%2fprivite%2flib%2fpoolIndex.php&response_type=code&scope=snsapi_base&state=1#wechat_redirect]]></EventKey>
<MenuId>479197090</MenuId>
</xml>
收到的数据是：<xml><ToUserName><![CDATA[gh_02d706507a43]]></ToUserName>
<FromUserName><![CDATA[oZdZj0mZxErooxrIkUpiDSwAB52Q]]></FromUserName>
<CreateTime>1543285702</CreateTime>
<MsgType><![CDATA[event]]></MsgType>
<Event><![CDATA[VIEW]]></Event>
<EventKey><![CDATA[https://open.weixin.qq.com/connect/oauth2/authorize?appid=wxa507747c7a15f546&redirect_uri=http%3a%2f%2fxiaoyuanfeixia.com%2fprivite%2flib%2fgetUserInfo.php&response_type=code&scope=snsapi_base&state=1#wechat_redirect]]></EventKey>
<MenuId>479197150</MenuId>
</xml>
收到的数据是：<xml><ToUserName><![CDATA[gh_02d706507a43]]></ToUserName>
<FromUserName><![CDATA[oZdZj0mZxErooxrIkUpiDSwAB52Q]]></FromUserName>
<CreateTime>1543285729</CreateTime>
<MsgType><![CDATA[event]]></MsgType>
<Event><![CDATA[VIEW]]></Event>
<EventKey><![CDATA[https://open.weixin.qq.com/connect/oauth2/authorize?appid=wxa507747c7a15f546&redirect_uri=http%3a%2f%2fxiaoyuanfeixia.com%2fprivite%2flib%2fpoolIndex.php&response_type=code&scope=snsapi_base&state=1#wechat_redirect]]></EventKey>
<MenuId>479197150</MenuId>
</xml>
收到的数据是：<xml><ToUserName><![CDATA[gh_02d706507a43]]></ToUserName>
<FromUserName><![CDATA[oZdZj0mZxErooxrIkUpiDSwAB52Q]]></FromUserName>
<CreateTime>1543285974</CreateTime>
<MsgType><![CDATA[event]]></MsgType>
<Event><![CDATA[VIEW]]></Event>
<EventKey><![CDATA[https://open.weixin.qq.com/connect/oauth2/authorize?appid=wxa507747c7a15f546&redirect_uri=http%3a%2f%2fxiaoyuanfeixia.com%2fprivite%2flib%2fgetUserInfo.php&response_type=code&scope=snsapi_base&state=1#wechat_redirect]]></EventKey>
<MenuId>479197150</MenuId>
</xml>
收到的数据是：<xml><ToUserName><![CDATA[gh_02d706507a43]]></ToUserName>
<FromUserName><![CDATA[oZdZj0mZxErooxrIkUpiDSwAB52Q]]></FromUserName>
<CreateTime>1543286305</CreateTime>
<MsgType><![CDATA[event]]></MsgType>
<Event><![CDATA[VIEW]]></Event>
<EventKey><![CDATA[https://open.weixin.qq.com/connect/oauth2/authorize?appid=wxa507747c7a15f546&redirect_uri=http%3a%2f%2fxiaoyuanfeixia.com%2fprivite%2flib%2fgetUserInfo.php&response_type=code&scope=snsapi_base&state=1#wechat_redirect]]></EventKey>
<MenuId>479197150</MenuId>
</xml>
收到的数据是：<xml><ToUserName><![CDATA[gh_02d706507a43]]></ToUserName>
<FromUserName><![CDATA[oZdZj0mZxErooxrIkUpiDSwAB52Q]]></FromUserName>
<CreateTime>1543286384</CreateTime>
<MsgType><![CDATA[event]]></MsgType>
<Event><![CDATA[VIEW]]></Event>
<EventKey><![CDATA[https://open.weixin.qq.com/connect/oauth2/authorize?appid=wxa507747c7a15f546&redirect_uri=http%3a%2f%2fxiaoyuanfeixia.com%2fprivite%2flib%2fpoolIndex.php&response_type=code&scope=snsapi_base&state=1#wechat_redirect]]></EventKey>
<MenuId>479197150</MenuId>
</xml>
收到的数据是：<xml><ToUserName><![CDATA[gh_02d706507a43]]></ToUserName>
<FromUserName><![CDATA[oZdZj0mZxErooxrIkUpiDSwAB52Q]]></FromUserName>
<CreateTime>1543286387</CreateTime>
<MsgType><![CDATA[event]]></MsgType>
<Event><![CDATA[VIEW]]></Event>
<EventKey><![CDATA[https://open.weixin.qq.com/connect/oauth2/authorize?appid=wxa507747c7a15f546&redirect_uri=https%3a%2f%2fflyingman.sc2yun.com%2fphp_unit_privite%2flib%2fautho%2fpoolSchool.php&response_type=code&scope=snsapi_base&state=1#wechat_redirect]]></EventKey>
<MenuId>479197150</MenuId>
</xml>
收到的数据是：<xml><ToUserName><![CDATA[gh_02d706507a43]]></ToUserName>
<FromUserName><![CDATA[oZdZj0mZxErooxrIkUpiDSwAB52Q]]></FromUserName>
<CreateTime>1543288002</CreateTime>
<MsgType><![CDATA[event]]></MsgType>
<Event><![CDATA[VIEW]]></Event>
<EventKey><![CDATA[https://open.weixin.qq.com/connect/oauth2/authorize?appid=wxa507747c7a15f546&redirect_uri=http%3a%2f%2fxiaoyuanfeixia.com%2fprivite%2flib%2fpoolIndex.php&response_type=code&scope=snsapi_base&state=1#wechat_redirect]]></EventKey>
<MenuId>479197150</MenuId>
</xml>
收到的数据是：<xml><ToUserName><![CDATA[gh_02d706507a43]]></ToUserName>
<FromUserName><![CDATA[oZdZj0mZxErooxrIkUpiDSwAB52Q]]></FromUserName>
<CreateTime>1543288025</CreateTime>
<MsgType><![CDATA[event]]></MsgType>
<Event><![CDATA[VIEW]]></Event>
<EventKey><![CDATA[https://open.weixin.qq.com/connect/oauth2/authorize?appid=wxa507747c7a15f546&redirect_uri=http%3a%2f%2fxiaoyuanfeixia.com%2fprivite%2flib%2fpoolIndex.php&response_type=code&scope=snsapi_base&state=1#wechat_redirect]]></EventKey>
<MenuId>479197150</MenuId>
</xml>
收到的数据是：<xml><ToUserName><![CDATA[gh_02d706507a43]]></ToUserName>
<FromUserName><![CDATA[oZdZj0mZxErooxrIkUpiDSwAB52Q]]></FromUserName>
<CreateTime>1543288029</CreateTime>
<MsgType><![CDATA[event]]></MsgType>
<Event><![CDATA[VIEW]]></Event>
<EventKey><![CDATA[https://open.weixin.qq.com/connect/oauth2/authorize?appid=wxa507747c7a15f546&redirect_uri=https%3a%2f%2fflyingman.sc2yun.com%2fphp_unit_privite%2flib%2fautho%2fpoolSchool.php&response_type=code&scope=snsapi_base&state=1#wechat_redirect]]></EventKey>
<MenuId>479197150</MenuId>
</xml>
收到的数据是：<xml><ToUserName><![CDATA[gh_02d706507a43]]></ToUserName>
<FromUserName><![CDATA[oZdZj0mZxErooxrIkUpiDSwAB52Q]]></FromUserName>
<CreateTime>1543288032</CreateTime>
<MsgType><![CDATA[event]]></MsgType>
<Event><![CDATA[VIEW]]></Event>
<EventKey><![CDATA[https://open.weixin.qq.com/connect/oauth2/authorize?appid=wxa507747c7a15f546&redirect_uri=http%3a%2f%2fxiaoyuanfeixia.com%2fprivite%2flib%2fgetUserInfo.php&response_type=code&scope=snsapi_base&state=1#wechat_redirect]]></EventKey>
<MenuId>479197150</MenuId>
</xml>
